Arguments: 
  /usr/bin/node /usr/bin/yarn add nodemon eslint --prefer-offine

PATH: 
  /opt/google-cloud-sdk/bin:/opt/google-cloud-sdk/bin:/usr/local/bin:/usr/bin:/bin:/usr/local/sbin:/var/lib/snapd/snap/bin:/usr/lib/jvm/default/bin:/usr/bin/site_perl:/usr/bin/vendor_perl:/usr/bin/core_perl:/snap/bin:/var/lib/snapd/snap/bin:/home/hamub/go/bin:/home/hamub/work/bin:/snap/bin:/var/lib/snapd/snap/bin:/var/lib/snapd/snap/bin:/usr/lib/jvm/default/bin:/usr/bin/site_perl:/usr/bin/vendor_perl:/usr/bin/core_perl:/snap/bin:/var/lib/snapd/snap/bin:/home/hamub/go/bin:/home/hamub/work/bin:/snap/bin:/var/lib/snapd/snap/bin

Yarn version: 
  1.7.0

Node version: 
  10.5.0

Platform: 
  linux x64

Trace: 
  Error: getaddrinfo EAI_AGAIN registry.yarnpkg.com registry.yarnpkg.com:443
      at GetAddrInfoReqWrap.onlookup [as oncomplete] (dns.js:50:26)

npm manifest: 
  {
    "name": "server",
    "version": "1.0.0",
    "main": "index.js",
    "license": "MIT"
  }

yarn manifest: 
  No manifest

Lockfile: 
  No lockfile
